/root/miniconda3/envs/py36/lib/python3.7/site-packages/tensorflow/python/framework/dtypes.py:526: FutureWarning: Passing (type, 1) or '1type' as a synonym of type is deprecated; in a future version of numpy, it will be understood as (type, (1,)) / '(1,)type'.
  _np_qint8 = np.dtype([("qint8", np.int8, 1)])
/root/miniconda3/envs/py36/lib/python3.7/site-packages/tensorflow/python/framework/dtypes.py:527: FutureWarning: Passing (type, 1) or '1type' as a synonym of type is deprecated; in a future version of numpy, it will be understood as (type, (1,)) / '(1,)type'.
  _np_quint8 = np.dtype([("quint8", np.uint8, 1)])
/root/miniconda3/envs/py36/lib/python3.7/site-packages/tensorflow/python/framework/dtypes.py:528: FutureWarning: Passing (type, 1) or '1type' as a synonym of type is deprecated; in a future version of numpy, it will be understood as (type, (1,)) / '(1,)type'.
  _np_qint16 = np.dtype([("qint16", np.int16, 1)])
/root/miniconda3/envs/py36/lib/python3.7/site-packages/tensorflow/python/framework/dtypes.py:529: FutureWarning: Passing (type, 1) or '1type' as a synonym of type is deprecated; in a future version of numpy, it will be understood as (type, (1,)) / '(1,)type'.
  _np_quint16 = np.dtype([("quint16", np.uint16, 1)])
/root/miniconda3/envs/py36/lib/python3.7/site-packages/tensorflow/python/framework/dtypes.py:530: FutureWarning: Passing (type, 1) or '1type' as a synonym of type is deprecated; in a future version of numpy, it will be understood as (type, (1,)) / '(1,)type'.
  _np_qint32 = np.dtype([("qint32", np.int32, 1)])
/root/miniconda3/envs/py36/lib/python3.7/site-packages/tensorflow/python/framework/dtypes.py:535: FutureWarning: Passing (type, 1) or '1type' as a synonym of type is deprecated; in a future version of numpy, it will be understood as (type, (1,)) / '(1,)type'.
  np_resource = np.dtype([("resource", np.ubyte, 1)])
I:[35mVENTILATOR[0m:[__i:__i:104]:lodding classification predict, could take a while...
usage: /root/miniconda3/envs/py36/bin/bert-base-serving-start -model_dir /root/private/kelly/data/KnowledgeLabel/corpus2/output -model_pb_dir /root/private/kelly/data/KnowledgeLabel/corpus2/output -bert_model_dir /root/private/kelly/data/chinese_L-12_H-768_A-12 -max_seq_len 128 -http_port 7007 -port 8888 -cpu -port_out 6006 -mode CLASS
                 ARG   VALUE
__________________________________________________
      bert_model_dir = /root/private/kelly/data/chinese_L-12_H-768_A-12
           ckpt_name = bert_model.ckpt
         config_name = bert_config.json
                cors = *
                 cpu = True
          device_map = []
                fp16 = False
 gpu_memory_fraction = 0.5
    http_max_connect = 10
           http_port = 7007
        mask_cls_sep = False
      max_batch_size = 1024
         max_seq_len = 128
                mode = CLASS
           model_dir = /root/private/kelly/data/KnowledgeLabel/corpus2/output
        model_pb_dir = /root/private/kelly/data/KnowledgeLabel/corpus2/output
          num_worker = 1
       pooling_layer = [-2]
    pooling_strategy = REDUCE_MEAN
                port = 8888
            port_out = 6006
       prefetch_size = 10
 priority_batch_size = 16
     tuned_model_dir = None
             verbose = False
                 xla = False

I:[35mVENTILATOR[0m:[__i:__i:111]:contain 0 labels:dict_values(['公民道德与伦理常识', '生物武器对人类的威胁', '细胞衰老的原因探究', '反射弧各部分组成及功能', '探究水族箱（或鱼缸）中群落的演替', '新文化运动', '公司经营与公司发展', '“三个代表”重要思想', '世界市场的拓展', '古代史', '遗传的分子基础', '制作腐乳的科学原理及影响腐乳品质的条件', '生物', '培养基与无菌技术', '水土流失的治理', '“中学为体', '细胞的增殖', '免疫系统的功能', '用DNA片段进行PCR扩增', '宪法对我国国家性质的规定', '主要经济政策', '突触的结构', '人类认识的宇宙', '收集旅游信息', '个体衰老与细胞衰老', '克隆的利与弊', '酶的概念', '对待传统文化的正确态度', '发酵与食品生产', '“一国两制”的理论和实践', '公民直接参与民主决策的意义', '湿地资源的开发与保护', '交通运输线路及站点的区位因素', '18年时事热点', '生产技术的不断进步', '克伦威尔', '染色质和染色体的结构', '中国的交通运输业、商业和旅游业', '外力作用与地貌', '单克隆抗体的应用', '丰富精神世界', '细胞膜具有流动性的原因', '摆脱危机困境', '基因对性状的控制', '估算种群密度的方法', '毛泽东思想的发展', '细胞中的脂质的种类和功能', '探索与失误', '戈尔巴乔夫改革', '文化市场对文化的影响', '器官移植', '酶的作用和本质', '细胞大小与物质运输的关系', '蛋白质分子的化学结构和空间结构', '中国的农业和工业', '对外开放', 'ATP在生命活动中的作用和意义', '现代主义美术', '对分离现象的解释和验证', '唯物辩证法的总特征', '胚胎分割移植', '生产活动与地域联系', '形而上学的否定观', '禁止生殖性克隆', '神经、体液调节在维持稳态中的作用', '意大利资本主义萌芽', '细胞膜', '意识能动性的特点', '社会存在决定社会意识', '农业的主要耕作方式和土地制度', '大气运动', '荒漠化的防治', '区域的含义', '第二次鸦片战争的概况及影响', '胞吞、胞吐的过程和意义', '体液免疫的概念和过程', '亲子代生物之间染色体数目保持稳定的原因', '提高政府依法行政的水平', '善于创新', '文化与经济、政治的关系', '我国行政监督体系', '柏拉图和亚里士多德', '人工授精、试管婴儿等生殖技术', '区域能源、矿产资源的开发与区域可持续发展的关系', '社会主义市场经济体制的建立', '生物膜研究的前沿信息', '英国国会与国王的殊死搏斗', '水的存在形式及生理功能', '洋务派近代工业的创办及其影响', '抗日战争', '全球气压带、风带的分布、移动规律及其对气候的影响', '地域文化对人口或城市的影响', '通讯工具的变迁', '酶的发现历程', '脂质的组成元素', '中国的西北地区和青藏地区', '高倍显微镜的使用', '第一次世界大战爆发的历史背景', '选择合理的旅游路线', '《人权宣言》', '毛泽东思想的形成', '地球运动的基本形式', '世界气候类型和自然景观', '从珍妮机到蒸汽机', '环境污染形成的原因、过程及危害', '低温诱导染色体加倍实验', '唯物辩证法的联系观', 'DNA分子的结构特征', '如何进行生态工程的设计', '生命系统的结构层次', '中国的自然资源', '细胞呼吸的过程和意义', '制成固相化乳糖酶并检测牛奶中乳糖的分解', '市场经济', '神经调节和体液调节的比较', '程朱理学', '文化的内涵与特点', '探究植物生长调节剂对扦插枝条生根的作用', '1929至1933年资本主义世界经济危机', '生命活动离不开细胞', '社会意识的相对独立性', '动物胚胎发育的概念', '智者学派', '和平与动荡并存', '细胞学说建立过程', '中国台湾省、香港和澳门', '公民参与民主决策的多种方式', '欧洲共同体的成立', '生物种间关系', '辛亥革命的评价', '用组织培养法培养花卉等幼苗', '清末民主革命风潮', '生物工程技术', '细胞器之间的协调配合', '中国恢复在联合国合法席位', '国共政权的对峙', '基因与性状的关系', '发展的量变与质变状态', '华盛顿', '真核细胞的分裂方式', '细胞衰老、凋亡、坏死与癌变的比较', '英国君主立宪制的建立', '《天朝田亩制度》的颁布', '地球的内部圈层结构及特点', '大气、天气、气候变化规律', '消费对生产的反作用', '氨基酸及其种类', '经纬网及其地理意义', '伟大的历史开端', 'ATP在能量代谢中的作用的综合', '观察蝗虫精母细胞减数分裂固定装片实验', '大洋洲和南极洲', '两党制的形成和发展', '染色体变异', '探究培养液中酵母种群数量的动态变化', '个人价值与社会价值的统一', '彰显文化自信的力量', '世界文化与民族文化的关系', '物质循环', '矛盾的普遍性和特殊性', '“重农抑商”政策', '生态系统的成分', '运用辩证思维方法', '气候类型及其判断', '三大产业发展及其产业结构转移', '推动文化交流的意义', '基因突变对蛋白质和形状的影响', '脂质的种类及其功能', '“斯大林模式”', '经典力学', '地球运动的地理意义', '人类遗传病的监测和预防', '兴奋在神经纤维上的传导', '宪章运动', '探究影响酶活性的因素', '群落的物种组成', '辩证否定', '世界人民反战和平运动的高涨', '发展的概念', '植物生长素的发现和作用', '探究细胞表面积与体积的关系', '植物的组织培养', '地球与地图', '英国责任内阁制的形成', '利用神经调节原理的仿生学', '地理', '遗传信息的转录和翻译', '革命道路的探索', '南书房、军机处的设立', '现代交通运输方式的特点和城市交通的特点', '新航路开辟的原因及条件', '组织培养基的成分及作用', '全球性生态环境的影响', '地壳内部物质循环过程', '溶酶体的结构和功能', '植物细胞的全能性及应用', '植物体细胞杂交的过程', '民主政治的重要文献', '信守合同与违约', '人类活动对群落演替的影响', '全球气候变化对人类活动的影响', '监察制度', '细胞衰老的特征', '反法西斯战争胜利的历史意义', '三民主义的提出', '有丝分裂中结构和物质的变化', '16年时事热点', '减数分裂的概念', '我国政府权威的来源和树立', '免疫功能异常与免疫应用', '皇帝制度', '遗传物质的探寻', '生态系统的营养结构', '世界的陆地和海洋', '卵细胞的形成过程', '“百花齐放、百家争鸣”的方针', '世界洋流分布规律及其对地理环境的影响', '中国特色社会主义文化的基本内涵', '法律救济', '人民代表大会及其常设机关的法律地位', '等压面、等压线、等温线等分布图的判读', '城乡分布', '传统工业区和新兴工业区', '酶在食品制造和洗涤等方面的应用', '社会发展的实现方式', '微生物数量的测定', '财政与宏观调整', '动荡中变化的近代社会生活', '建设现代化经济体系', '细胞工程', '马克思主义经济学的伟大贡献', '动物疫病的控制', '细胞免疫的概念和过程', '转基因生物的安全性问题', '探究将有油渍、汗渍、血渍的衣物洗净的办法', '圣彼得大教堂', '人体的体温调节', '动、植物细胞有丝分裂的异同点', '中心体的结构和功能', '生长素类似物在农业生产实践中的作用', '地球是太阳系中一颗既普通又特殊的行星', '细胞凋亡与细胞坏死的区别', '坚持文化创新的正确方向', '20世纪世界音乐的发展变化', '北美和拉丁美洲', '利用生物净化原理治理环境污染', '神经调节与体液调节的关系', '转基因生物的利与弊', '从习惯法到成文法', '生物科学与社会', '劳动就业与守法经营', '种群数量的变化曲线', '减数分裂与有丝分裂的比较', '民事权利和义务', '生物大分子以碳链为骨架', '文艺复兴', '生物的性状与相对性状', '第三产业的兴起和“新经济”的出现', '系统优化方法', '叶绿体结构及色素的分布和作用', '生物性污染', '市场秩序', '民族资本主义的产生', '基因突变的特点', '艾滋病的流行和预防', '拿破仑', '马克思主义在中国的传播', '基因的分离规律的实质及应用', '动乱中的教育', '文化继承与发展的关系', '人体免疫系统在维持稳态中的作用', '细胞观察实验', '其他细胞器主要功能', '酶在工业生产中的应用', '独尊儒术”', '海洋开发', '水体的运动规律', '东亚、东南亚、南亚和中亚', '植物组织培养的概念及原理', '董仲舒的“罢黜百家', '动物细胞与组织培养过程', '生物技术在食品加工中的应用', '高尔基体的结构和功能', '“百家争鸣”局面的出现', '京剧的出现', '人类迈入电气时代', '酶的特性', '区域经济与经济重心的南移', '甲午中日战争的概况及影响', '自然地理要素的相互作用', '孟德尔遗传实验', '农业生产中繁殖控制技术', '酶的特性在生产生活中的应用', '光合作用的过程', '生态恢复工程', '西周的宗法制、分封制与礼乐制度', '贯彻新发展理念', '人工湿地的作用', '设施农业', '染色体结构变异', '对环境的伦理关怀', '细胞融合的概念', '光反应和暗反应的比较', '拉马克的进化学说', '基因与DNA的关系', '全球定位系统(GPS)在定位导航中的应用', '五四运动', '单克隆抗体的制备', '细胞的分化及意义', '中东战争', '科学思维常识', '细胞呼吸的概念', '核酸在生命活动中的作用', '神经元各部分的结构和功能', '美苏冷战局面的形成', '中共十一届三中全会', '复等位基因', '无机盐的主要存在形式和作用', '种群和群落', '农业区位因素', '蛋白质多样性的原因', '酒酵母制酒及乙酸菌由酒制醋', '转基因技术', '建立“福利国家”', '中国共产党领导和执政地位的确立', '细胞呼吸原理在生产和生活中的应用', '群落的结构', '商业中心及其形成', '计算机和生物技术的发展', '生物进化观念对人们思想观念的影响', '19世纪法国政体的变迁', '自然选择对种群基因频率变化的影响', '线粒体的结构和功能', '坚持社会主义核心价值体系', '神经冲动的含义', '树立科学思维的观念', '交通运输与地理环境', '种群数量的变化', '城市地域结构及服务功能', '面对科技进步的伦理冲突', '碳原子的结构特点', '公有制为主体', '法国共和制的确立', '电气技术的应用', '孙中山', '遵循形式逻辑的要求', '现实主义文学', '凯末尔', '信息传递在生态系统中的作用及应用', '细胞膜的流动镶嵌模型', '恶性肿瘤的防治', '实施“新政”', '中国特色社会主义市场经济', '洛克', '布雷顿森林体系的建立', '海峡两岸关系的发展', '确定旅游点', '实践是认识的目的', '七八十年代美苏由紧张对抗到谋求缓和对话', '生物技术中的伦理问题', '多种所有制经济共同发展', '脑的高级功能', '常见的人类遗传病', 'ATP的分子结构和特点', '酶的存在和简单制作方法', '两极对峙格局的形成', '生产活动中地域联系的重要性和主要方式', '理性时代的到来', '人体神经调节的结构基础和调节过程', '酶活力测定的一般原理和方法', '中外著名旅游景区的景观特点及其形成原因', '东欧剧变与苏联解体', '明清君主专制制度的加强', '发展中国特色社会主义文化', '人民代表大会与其他国家机关的关系', '我国公民的民主监督权和实行民主监督的合法渠道', '无氧呼吸的类型', '城市的空间结构及其形成原因', '实事求是', '细胞凋亡的概念', '有利于和不利于环境保护的消费行为', '有丝分裂的意义', '夏商两代的政治制度', '糖类的组成元素', '选官、用官制度的变化', '社会主义是中国人民的历史性选择', '文艺的春天', '生态农业工程', '细胞中的无机物', '动植物细胞的主要区别', '弘扬和培育民族精神的途径和意义', '激素的种类、功能与应用', '动物细胞核移植技术', '14年时事热点', '中华文化源远流长、博大精深', '受精作用的概念和过程', '核膜和核孔的结构和功能', '肺炎双球菌的转化实验', '生物模型的种类与建构', '蛋白质的提取和分离', '国共合作与北伐战争', '国民经济的劫难', '加强思想道德建设', '细胞的衰老和凋亡与人类健康的关系', '蛋白质的盐析与变性', '“文化大革命”', '德意志帝国君主立宪制的确立', '经济体制改革', 'nan', '自由扩散和协助扩散', '植物体细胞杂交的应用', '大气受热过程', '宏观调控', '等高线地形图、地形剖面图', '高倍镜观察叶绿体和线粒体', '城市化对地理环境的影响', '“开眼看世界”', 'RNA分子的组成和种类', '组成细胞的化学元素', '资本主义萌芽', '水循环过程和主要环节及地理意义', '主要农业地域类型的特点及其形成条件', '曲折的年代——十年动乱与文化凋零', '汉字与书法艺术', '历史', '政府的责任：对人民负责', '环境污染防治的主要措施', '水运与航空', '氨基酸的分子结构特点和通式', '文化对人影响的表现', '消费类型', '17年时事热点', '唐太宗', '生物氧化塘是如何净化污水的', '改革开放以来民主与法制的建设', '旅游景观的欣赏', '互联网的兴起', '提取芳香油', '发酵食品加工的基本方法及应用', '影响细胞呼吸的因素', '走向会合的世界——世界市场雏形出现', 'ATP与ADP的相互转化', '中国各民族对中华文化的贡献', '雅典民主政治', '生产决定消费', '植物细胞壁的成分和功能', '城乡规划', '地球所处的宇宙环境', '水和无机盐的作用的综合', '生态工程建设的基本过程', '我国政府的宗旨和政府工作的基本原则', '中国东部季风区（北方地区和南方地区）', '宋明理学', '原核细胞与真核细胞的比较', '不断完善中国共产党的领导方式和执政方式', '日益重要的国际组织', 'DNA是主要的遗传物质', '免疫系统的组成', '郡县制', 'DNA分子的多样性和特异性', '用比色法测定亚硝酸盐含量的变化', '不同区域自然环境、人类活动的差异', '我国的选举制度及选举方式', '生态工程的概念及其目标', '勃列日涅夫改革', '自然灾害发生的主要原因及危害', '多极化趋势的加强', '孔子', '民主集中制', '细胞融合的方法', '蛋白质工程', '胚胎干细胞的特点和种类', '第一次世界大战的过程', '水资源的合理利用', '人口增长与人口问题', '治疗性克隆的操作过程', '区域可持续发展', '唯物辩证法的实质与核心', '临危受命', '细胞核的功能', '社会主义从空想到科学的发展', '果胶酶的活性测定', '兴奋在神经元之间的传递', '昆曲', '推动社会主义文化繁荣兴盛', '民族区域自治制度的建立', '马克思、恩格斯', '法国的启蒙思想家', '植物色素的提取', '宇宙中的地球', '牛顿、爱因斯坦', '人口与城市', '文化传播的多种途径', '走进细胞', '中国特色社会主义是由道路、理论体系、制度三位一体构成的', '尊重文化多样性的意义', '各具特色的国家和国际组织', '自然资源的分布和利用', '民主政治制度的建设', '生物膜的功能特性', '地表形态对聚落及交通线路分布的影响', '生产力与生产关系的相互作用及其矛盾运动', '培养基对微生物的选择作用', '共产党宣言的问世', '动物胚胎发育的过程', '明治维新', '物质资料的生产方式是人类社会存在和发展的基础', '细胞的失水和吸水', 'DNA的粗提取和鉴定', '抗生素的合理使用', '杂交育种', '辩证法的革命批判精神与创新意识', '生产果汁酒以及生产醋的装置', '三民主义的实践', '中国的天气和气候', '中国共产党的性质、宗旨和指导思想', '证明DNA是主要遗传物质的实验', '春秋战国时期的乐舞', '基因诊断和基因治疗', '生物净化的原理和方法', '文化创新的意义', '生物技术在其他方面的应用', '虚假“繁荣”的幻灭', '中华文化的包容性', '现代生态工程的农业模式', '交通运输布局及其变化对生产、生活和社会经济的影响', '世界经济区域集团化', '中国共产党：以人为本', '固相化酶的应用价值', '陆地上水体间的相互关系', '高中', '基因重组特点及意义', '基因工程的应用', '中华民族复兴的必然选择', '如何看待落后文化和腐朽文化', '细胞膜的功能', '化能合成作用', '免疫调节', '改良蒸汽机', '垄断组织的出现', '市场配置资源', '收入分配方式对效率、公平的影响', '发展社会主义民主政治', '步入世界外交舞台', '制备和应用固相化酶', '细胞的多样性和统一性', '群众观点和群众路线', '实践是认识的动力', '西学为用”——洋务运动', '微生物的分离', '三星堆遗址', '基因工程的概念', '我国的村民自治与城市居民自治及其意义', '商鞅变法', '生物膜的结构的探究历程', '青少年中常见的免疫异常', '联系的客观性', '政府的职能：管理与服务', '可持续发展的基本内涵及协调人地关系的主要途径', '人民代表大会的职权', '新时代发展目标', '经济学常识', '激素调节', '重庆谈判和内战的爆发', '《资政新篇》及太平天国运动的进步性与局限性', '3S技术综合应用', '19世纪的音乐流派与杰作', '维新思想', '保护生物多样性的措施和意义', '不同发展阶段地理环境对人类生产和生活方式的影响', '文化建设的必然要求', '古代中国政治制度的特点', '内力作用与地貌', '北魏孝文帝改革', '对外开放格局的初步形成', '量子论的诞生与发展', '海洋和海岸带', '旅游业的发展对社会、经济、文化的作用', '生态系统的概念与内涵', '无氧呼吸的概念与过程', '《伤寒杂病论》和《本草纲目》', '细胞膜内外在各种状态下的电位情况', '植物激素及其植物生长调节剂的应用价值', '革命前的沙皇俄国', '工业区位因素', '《独立宣言》', '价值的实现方式', '马克思主义哲学的基本特征', '生长素的产生、分布和运输情况', '西方国家现代市场经济的兴起与主要模式', '胚胎工程的概念及操作对象', '巴黎公社', '时事政治', '大抗议书', '观察植物细胞的有丝分裂实验', '现代史', '大众传媒的发展', '启蒙运动的扩展', '流域开发的地理条件、内容、综合治理措施', '中华人民共和国的成立', '我国公民必须履行的政治义务', '组成细胞的化合物', '细胞中糖类的种类、分布和功能', '不完全显性', '资本主义在中国近代历史发展进程中的地位和作用', '影响光合作用速率的环境因素及实践应用', '世界贸易组织和中国的加入', '单倍体诱导与利用', '单因子和双因子杂交实验', '新时代我国社会主要矛盾', '常见的天气系统', '第二次世界大战爆发的历史背景', '秦始皇', '植物病虫害的防治原理和技术', '现代生物技术专题', '大津巴布韦遗址与非洲文明探秘', '叶绿体色素的提取和分离', '中心法则', '中央官制——三公九卿制', '罗马法的发展与完善', '中华民族精神的核心', '生活在社会主义法治国家', '人民民主的广泛性和真实性', '生物工程技术药物与疫苗的生产原理', '中国走可持续发展道路的必然性', '核糖体的结构和功能', '中国民族资本主义的曲折发展', '伴性遗传在实践中的应用', '曲折的发展', '转基因生物和转基因食品的安全性', '国有经济及其主导作用', '我国政府的主要职能', '政治', '微生物的培养与应用', '细胞癌变及癌细胞的主要特征', '社会主义核心价值观的基本内容', '从“无为“到”有为”', '工业地域的形成条件与发展特点', '同源染色体与非同源染色体的区别与联系', '伴性遗传', '西欧国家的殖民扩张与争夺', '微生物的应用', '生物技术研究与开发的有关政策和法规', '八国联军侵华战争', '奥斯威辛集中营', '宗教改革', '探索生命起源之谜', '植物或动物性状分离的杂交实验', '内质网的结构和功能', '植物激素的作用', '地图的基本知识', '不同生物遗传物质的判定', '固定化酶和固定化细胞', '探究酵母菌的呼吸方式', '区域农业生产的条件、布局特点、问题', '世界主要自然灾害带的分布', '蛋白质在生命活动中的主要功能', '观察细胞的减数分裂实验', '内环境的稳态', '细胞工程的概念', '“自由放任”政策的失败', '中美关系正常化和中日邦交正常化', '减数第一、二次分裂过程中染色体的行为变化', '人民群众的概念', '与细胞分裂有关的细胞器', '影响文化发展的主要因素', '生物进化论', '文化创新的源泉和动力', '用土壤浸出液进行细菌培养', '经济基础与上层建筑的相互作用及其矛盾运动', '人类对宇宙的新探索', '我国公民参与政治生活的基本原则和主要内容', '遥感(RS)在资源普查、环境和灾害监测中的应用', '意识的内容与形式', '时代的主题', '文化的社会作用', '公民道德建设的内容与要求', '创新与继承的关系', '现代生物技术在育种上的应用', '抗战时期和解放战争时期的民族工业', '生态系统的反馈调节', '配子形成过程中染色体组合的多样性', '中国的地形', '噬菌体侵染细胞的实验', '15年时事热点', '内环境的理化特性', '生物体维持pH稳定的机制实验', '明清之际的儒学思想', '城市化的过程和特点', '中国特色的政党制度', '影视艺术的产生与发展', '土壤中小动物类群丰富度的研究', '细胞工程的操作水平、对象、条件及手段', '尿糖的检测', '地球的形状和大小', '核酸的结构组成和功能', '胚胎移植', '历史与历史的重现', '生态工程的建设情况综合', '责任制内阁的形成', 'DNA与RNA的异同', '官营手工业、民营手工业、家庭手工业的消长', '生物多样性形成的影响因素', '十月革命一声炮响', '细胞膜的制备方法', '细胞的无丝分裂', '文化对人影响的特点', '社会主义从理想到现实的转变', '基因工程的基本操作程序', '自然地理环境整体性的表现', '人口迁移与人口流动', '孔子和早期儒学', '胚胎干细胞的研究与应用', '香港、澳门的回归', '社会主义经济理论', '生殖技术的伦理问题', '赫鲁晓夫改革', '对政府权力进行制约和监督的意义', '法国大革命', '地球的外部圈层结构及特点', '我国的人口现状与前景', '稳态与环境', '国际贸易和国际金融', '手工业成就', '细胞周期的概念', '植物培养的条件及过程', '我国公民享有的政治权利', '糖类的种类和作用的综合', '凝魂聚气、强基固本的基础工程', '原核细胞和真核细胞的形态和结构的异同', '治污生态工程', '探究膜的透性', '共产党领导的多党合作和政治协商制度的形成', '细胞呼吸', '新思想的萌发', '人民代表大会制度的基本内容', '意识能动性的表现', '地球仪', '精子和卵细胞形成过程的异同', '测交方法检验F1的基因型', '碱基互补配对原则', '产业转移和资源跨区域调配对区域地理环境的影响', 'DNA、RNA在细胞中的分布', '蛋白质的合成', '影响(均衡)价格的因素', '检测脂肪的实验', '信息的种类与传递', '凡尔赛—华盛顿体系下的和平', '反射的过程', '种群的特征', '文学的主要成就', '粮食问题', '细胞的衰老', '劳动与就业', '鸦片战争的概况及影响', '近代中国的思想解放潮流', '社会主义社会的基本矛盾的特点', '观察植物细胞的质壁分离和复原', '宋词和元曲', '生长素的作用以及作用的两重性', '生物资源的合理利用', '为人民服务的政府', '细胞有丝分裂不同时期的特点', '议会权力的确立', '内战', '中国的疆域行政区划、人口和民族', '土壤中分解尿素的细菌的分离与计数', '相对论的创立', '社会主义市场经济的伦理要求', '结合实践', '胚胎干细胞的来源及分化', '绿色食品的生产', '教育的复兴', '新发展理念和中国特色社会主义新时代的经济建设', '国际经济合作', '避孕的原理和方法', '主动运输的原理和意义', '核酸的种类以及在细胞中的分布', '创新的社会作用', '光合作用的实质和意义', '生物膜系统的功能', '促进全面发展', '整体和部分的关系', '生物膜的流动镶嵌模型', '祖国统一的历史潮流', '“冷战”格局下的国际关系', '内环境维持稳态的生理机制', '生态工程依据的生态学原理', '20世纪50年代至70年代探索社会主义建设道路的实践', '达尔文的自然选择学说', '传统文化的特点及其影响', '文化与综合国力', '康熙帝', '价值观的导向作用', '细胞膜的成分', '从新古典主义美术到浪漫主义美术', '干细胞的研究进展和应用', '古典经济学巨匠的理论遗产', '市场调节及其弊端', '第一国际和第二国际', '能量流动的概念和过程', '现实主义美术和印象画派', '古代希腊民主政治产生的历史条件', '新民主主义革命的胜利及其伟大意义', '诱发基因突变的因素', '人口分布与人口合理容量', '人体水盐平衡调节', '新世纪新阶段中国共产党的旗帜', '基因、蛋白质与性状的关系', '培养担当民族复兴大任的时代新人', '载人航天技术的发展', '基因工程', '微生物的鉴定', '开创中国特色社会主义的新篇章', '区域存在的环境与发展问题', '社会主义市场经济的基本特征', '核酸', '中华民族精神的基本内涵', '马克思主义普遍原理与中国实际相结合', '动物细胞工程的常用技术', '真核细胞的三维结构模型', '激素调节概念及特点', '新文化运动与马克思主义的传播', '多极化趋势在曲折中发展', '家庭与婚姻', '植物组织培养技术的实践应用', '从生物材料中提取某些特定成分', '脂质在生命活动中的作用', '遗传与进化', '人类遗传病的类型及危害', '人口性别构成、年龄构成图的判断', '等值线图', '城乡建设与生活环境', '我国的民族区域自治制度', '中华民国的成立及《中华民国临时约法》的颁布', '当地自然群落中若干种生物的生态位', '科学社会主义常识', '农林牧副鱼一体化生态工程', '能量流动的特点与意义', '有氧呼吸的三个阶段', '糖类的作用', '太阳对地球的影响', '性状分离比的模拟实验', '基因是有遗传效应的DNA片段', '国民大革命', '分子与细胞', '牢牢掌握意识形态工作领导权', '邓小平理论', '独立之初的严峻形势', '液泡的结构和功能', 'DNA分子的复制', '政府依法行政的意义和要求', '细胞的有丝分裂', '渗透系统和渗透作用', '电子显微镜', '性状的显、隐性关系及基因型、表现型', '地域分异的基本规律', '商业的发展', '精子的形成过程', '春秋战国时期的百家争鸣', '联合国', '“两弹一星”', '减数分裂过程中染色体和DNA的规律性变化', '城市的区位因素', '经济全球化迅速发展及全球化存在的问题与展望', '戊戌变法', '染色体组的概念、单倍体、二倍体、多倍体', '报刊业走向繁荣', '生物的多样性', '生物变异的应用', '生态系统的功能', '资本主义世界经济体系的形成', '人民群众创造历史的作用', '农业生态系统中的能量流动', '当代资本主义的新变化', '20世纪的世界文学', '地理信息系统(GIS)在城市管理中的应用', '战时共产主义政策和新经济政策', '遗传的细胞基础', '致癌因子与癌变', '从《诗经》到唐诗', '基因工程的原理及技术', '数字地球的含义', '脂肪酶、蛋白酶的洗涤效果', '世界主要陆地自然带', '细胞不能无限长大的原因', '人类基因组计划及其意义', '一切从实际出发', '脱氧核苷酸序列与遗传信息的关系', '台风、寒潮、干旱、洪涝等气象灾害的形成原因', '地震、泥石流、滑坡等地质地貌灾害的产生机制与发生过程', '基因指导蛋白质的合成', '《辛丑条约》的签订', '民族资本主义的产生和初步发展', '卢梭', '矛盾的同一性和斗争性', '宰相制度的废除与内阁的出现', '中国的河流和湖泊', '民族精神的时代特征', '纯化大肠杆菌的无菌操作和菌种保存', '碳循环与温室效应', '地壳物质循环及地表形态的塑造', '内环境的组成', '执政为民', '光合作用的探究历程', '利用微生物进行发酵来生产特定的产物', 'DNA的分子组成', '明清小说', '世界的居民和政区', '物种的概念及形成', '近代史', '细胞膜的结构特点', '世界文化多样性的表现', '光照图的综合判读', '试管婴儿及其意义', '中国的振兴', '染色体数目变异', '检测蛋白质的实验', '细胞质壁分离与质壁分离复原现象及其原因', '科学发展观', '微生物的培养', '自然经济的逐步解体', '公民的道德生活', '西亚和北非、撒哈拉以南非洲', '1787年宪法的颁布', '动物体细胞克隆', '马克思主义中国化的理论成果', '传统的发酵技术', '生物技术实践', '核酸的基本组成单位', '基因的自由组合规律的实质及应用', '和平共处五项原则', '基因和遗传信息的关系', 'PCR技术的基本操作和应用', '基因重组概念及类型', '苏格拉底等', '叶绿体的结构和功能', '诱变育种', '短暂的春天', '基因连锁和交换定律', '欧洲西部、欧洲东部及北亚', '创新与借鉴、融合的关系', '血糖平衡的调节', '生活中的法律常识', '动物细胞核具有全能性的原因及其应用', '植物激素的概念', '中国共产党的成立', '区域工业化和城市化的推进过程产生的问题及解决措施', '制作泡菜', '现代文化传播手段的特点', '铁路与公路', '生态环境问题的成因及其形成的一般过程', '检测还原糖的实验'])
pb_file exits /root/private/kelly/data/KnowledgeLabel/corpus2/output/classification_model.pb
I:[35mVENTILATOR[0m:[__i:__i:114]:optimized graph is stored at: /root/private/kelly/data/KnowledgeLabel/corpus2/output/classification_model.pb
I:[35mVENTILATOR[0m:[__i:_ru:148]:bind all sockets
I:[35mVENTILATOR[0m:[__i:_ru:153]:open 8 ventilator-worker sockets, ipc://tmpGQzxT0/socket,ipc://tmpwWDcag/socket,ipc://tmpaPzTqv/socket,ipc://tmp4x7BHK/socket,ipc://tmp4QDmYZ/socket,ipc://tmpqOo8ef/socket,ipc://tmpyqo0vu/socket,ipc://tmp2HBWMJ/socket
I:[35mVENTILATOR[0m:[__i:_ru:157]:start the sink
I:[32mSINK[0m:[__i:_ru:317]:ready
I:[35mVENTILATOR[0m:[__i:_ge:239]:get devices
I:[35mVENTILATOR[0m:[__i:_ge:271]:device map: 
		worker  0 -> cpu
I:[35mVENTILATOR[0m:[__i:_ru:180]:start http proxy
I:[33mWORKER-0[0m:[__i:_ru:497]:use device cpu, load graph from /root/private/kelly/data/KnowledgeLabel/corpus2/output/classification_model.pb
I:[35mVENTILATOR[0m:[__i:_ru:199]:new config request	req id: 0	client: b'174fea49-8ac6-44ac-8791-893c9b39dfe8'
I:[32mSINK[0m:[__i:_ru:372]:send config	client b'174fea49-8ac6-44ac-8791-893c9b39dfe8'
I:[35mVENTILATOR[0m:[__i:_ru:199]:new config request	req id: 0	client: b'7b63c6a7-eb48-4eda-9303-36c30bf003d6'
I:[32mSINK[0m:[__i:_ru:372]:send config	client b'7b63c6a7-eb48-4eda-9303-36c30bf003d6'
I:[35mVENTILATOR[0m:[__i:_ru:199]:new config request	req id: 0	client: b'45cecdbe-1b62-4b99-8c0c-46501180604a'
I:[32mSINK[0m:[__i:_ru:372]:send config	client b'45cecdbe-1b62-4b99-8c0c-46501180604a'
I:[35mVENTILATOR[0m:[__i:_ru:199]:new config request	req id: 0	client: b'342faa2e-a9df-4fc0-ba40-cc82c69605a7'
I:[32mSINK[0m:[__i:_ru:372]:send config	client b'342faa2e-a9df-4fc0-ba40-cc82c69605a7'
I:[35mVENTILATOR[0m:[__i:_ru:199]:new config request	req id: 0	client: b'65cdce67-8ba3-4050-ac44-0faebf3e63e5'
I:[32mSINK[0m:[__i:_ru:372]:send config	client b'65cdce67-8ba3-4050-ac44-0faebf3e63e5'
I:[35mVENTILATOR[0m:[__i:_ru:199]:new config request	req id: 0	client: b'f255257f-50d1-4084-a9fb-e6b8b88fce34'
I:[32mSINK[0m:[__i:_ru:372]:send config	client b'f255257f-50d1-4084-a9fb-e6b8b88fce34'
I:[35mVENTILATOR[0m:[__i:_ru:199]:new config request	req id: 0	client: b'5e1f263c-4095-4e9b-abfd-93a09f501b55'
I:[32mSINK[0m:[__i:_ru:372]:send config	client b'5e1f263c-4095-4e9b-abfd-93a09f501b55'
I:[35mVENTILATOR[0m:[__i:_ru:199]:new config request	req id: 0	client: b'1f8de3d8-663f-4395-9aed-31a5be7a6423'
I:[32mSINK[0m:[__i:_ru:372]:send config	client b'1f8de3d8-663f-4395-9aed-31a5be7a6423'
I:[35mVENTILATOR[0m:[__i:_ru:199]:new config request	req id: 0	client: b'13466dc6-8cc0-405f-8f6f-db623ab7c1a3'
I:[32mSINK[0m:[__i:_ru:372]:send config	client b'13466dc6-8cc0-405f-8f6f-db623ab7c1a3'
I:[35mVENTILATOR[0m:[__i:_ru:199]:new config request	req id: 0	client: b'39325f5a-e02f-438a-bbf3-333b8215a03c'
I:[32mSINK[0m:[__i:_ru:372]:send config	client b'39325f5a-e02f-438a-bbf3-333b8215a03c'
 * Serving Flask app "bert_base.server.http" (lazy loading)
 * Environment: production
   WARNING: This is a development server. Do not use it in a production deployment.
   Use a production WSGI server instead.
 * Debug mode: off
 * Running on http://0.0.0.0:7007/ (Press CTRL+C to quit)
Process BertWorker-3:
Traceback (most recent call last):
  File "/root/miniconda3/envs/py36/lib/python3.7/site-packages/tensorflow/python/framework/importer.py", line 426, in import_graph_def
    graph._c_graph, serialized, options)  # pylint: disable=protected-access
tensorflow.python.framework.errors_impl.InvalidArgumentError: NodeDef mentions attr 'batch_dims' not in Op<name=GatherV2; signature=params:Tparams, indices:Tindices, axis:Taxis -> output:Tparams; attr=Tparams:type; attr=Tindices:type,allowed=[DT_INT32, DT_INT64]; attr=Taxis:type,allowed=[DT_INT32, DT_INT64]>; NodeDef: {{node bert/embeddings/GatherV2}}. (Check whether your GraphDef-interpreting binary is up to date with your GraphDef-generating binary.).

During handling of the above exception, another exception occurred:

Traceback (most recent call last):
  File "/root/miniconda3/envs/py36/lib/python3.7/multiprocessing/process.py", line 297, in _bootstrap
    self.run()
  File "/root/miniconda3/envs/py36/lib/python3.7/site-packages/bert_base/server/__init__.py", line 487, in run
    self._run()
  File "/root/miniconda3/envs/py36/lib/python3.7/site-packages/zmq/decorators.py", line 75, in wrapper
    return func(*args, **kwargs)
  File "/root/miniconda3/envs/py36/lib/python3.7/site-packages/bert_base/server/zmq_decor.py", line 27, in wrapper
    return func(*args, **kwargs)
  File "/root/miniconda3/envs/py36/lib/python3.7/site-packages/bert_base/server/__init__.py", line 505, in _run
    for r in estimator.predict(input_fn=self.input_fn_builder(receivers, tf), yield_single_examples=False):
  File "/root/miniconda3/envs/py36/lib/python3.7/site-packages/tensorflow_estimator/python/estimator/estimator.py", line 611, in predict
    features, None, model_fn_lib.ModeKeys.PREDICT, self.config)
  File "/root/miniconda3/envs/py36/lib/python3.7/site-packages/tensorflow_estimator/python/estimator/estimator.py", line 1112, in _call_model_fn
    model_fn_results = self._model_fn(features=features, **kwargs)
  File "/root/miniconda3/envs/py36/lib/python3.7/site-packages/bert_base/server/__init__.py", line 463, in classification_model_fn
    pred_probs = tf.import_graph_def(graph_def, name='', input_map=input_map, return_elements=['pred_prob:0'])
  File "/root/miniconda3/envs/py36/lib/python3.7/site-packages/tensorflow/python/util/deprecation.py", line 507, in new_func
    return func(*args, **kwargs)
  File "/root/miniconda3/envs/py36/lib/python3.7/site-packages/tensorflow/python/framework/importer.py", line 430, in import_graph_def
    raise ValueError(str(e))
ValueError: NodeDef mentions attr 'batch_dims' not in Op<name=GatherV2; signature=params:Tparams, indices:Tindices, axis:Taxis -> output:Tparams; attr=Tparams:type; attr=Tindices:type,allowed=[DT_INT32, DT_INT64]; attr=Taxis:type,allowed=[DT_INT32, DT_INT64]>; NodeDef: {{node bert/embeddings/GatherV2}}. (Check whether your GraphDef-interpreting binary is up to date with your GraphDef-generating binary.).
